# JRE version: OpenJDK Runtime Environment Temurin-21.0.3+9 (21.0.3+9) (build 21.0.3+9-LTS)
# Java VM: OpenJDK 64-Bit Server VM Temurin-21.0.3+9 (21.0.3+9-LTS, mixed mode, emulated-client, tiered, compressed oops, compressed class ptrs, g1 gc, windows-amd64)
GC Precious Log:
 CardTable entry size: 512
 Card Set container configuration: InlinePtr #cards 5 size 8 Array Of Cards #cards 12 size 40 Howl #buckets 4 coarsen threshold 1843 Howl Bitmap #cards 512 size 80 coarsen threshold 460 Card regions per heap region 1 cards per card region 2048
 CPUs: 8 total, 8 available
 Memory: 4047M
 Large Page Support: Disabled
 NUMA Support: Disabled
 Compressed Oops: Enabled (32-bit)
 Heap Region Size: 1M
 Heap Min Capacity: 8M
 Heap Initial Capacity: 64M
 Heap Max Capacity: 1012M
 Pre-touch: Disabled
 Parallel Workers: 8
 Concurrent Workers: 2
 Concurrent Refinement Workers: 8
 Periodic GC: Disabled
Heap:
 garbage-first heap   total 102400K, used 77824K [0x00000000c0c00000, 0x0000000100000000)
  region size 1024K, 42 young (43008K), 4 survivors (4096K)
 Metaspace       used 60951K, committed 61888K, reserved 1114112K
  class space    used 7441K, committed 7872K, reserved 1048576K
GC Heap History (20 events):
Event: 2420.930 GC heap before
{Heap before GC invocations=298 (full 1):
 garbage-first heap   total 92160K, used 81915K [0x00000000c0c00000, 0x0000000100000000)
  region size 1024K, 41 young (41984K), 1 survivors (1024K)
 Metaspace       used 60035K, committed 60800K, reserved 1114112K
  class space    used 7384K, committed 7744K, reserved 1048576K
}
Event: 2420.933 GC heap after
{Heap after GC invocations=299 (full 1):
 garbage-first heap   total 113664K, used 42860K [0x00000000c0c00000, 0x0000000100000000)
  region size 1024K, 4 young (4096K), 4 survivors (4096K)
 Metaspace       used 60035K, committed 60800K, reserved 1114112K
  class space    used 7384K, committed 7744K, reserved 1048576K
}
Event: 2442.950 GC heap before
{Heap before GC invocations=299 (full 1):
 garbage-first heap   total 113664K, used 95084K [0x00000000c0c00000, 0x0000000100000000)
  region size 1024K, 55 young (56320K), 4 survivors (4096K)
 Metaspace       used 60035K, committed 60800K, reserved 1114112K
  class space    used 7384K, committed 7744K, reserved 1048576K
}
Event: 2442.952 GC heap after
{Heap after GC invocations=300 (full 1):
 garbage-first heap   total 113664K, used 42350K [0x00000000c0c00000, 0x0000000100000000)
  region size 1024K, 3 young (3072K), 3 survivors (3072K)
 Metaspace       used 60035K, committed 60800K, reserved 1114112K
  class space    used 7384K, committed 7744K, reserved 1048576K
}
Event: 2450.607 GC heap before
{Heap before GC invocations=301 (full 1):
 garbage-first heap   total 113664K, used 63854K [0x00000000c0c00000, 0x0000000100000000)
  region size 1024K, 27 young (27648K), 3 survivors (3072K)
 Metaspace       used 59962K, committed 60800K, reserved 1114112K
  class space    used 7373K, committed 7744K, reserved 1048576K
}
Event: 2450.652 GC heap after
{Heap after GC invocations=302 (full 2):
 garbage-first heap   total 96256K, used 26267K [0x00000000c0c00000, 0x0000000100000000)
  region size 1024K, 0 young (0K), 0 survivors (0K)
 Metaspace       used 59962K, committed 60800K, reserved 1114112K
  class space    used 7373K, committed 7744K, reserved 1048576K
}
Event: 2450.949 GC heap before
{Heap before GC invocations=302 (full 2):
 garbage-first heap   total 96256K, used 82587K [0x00000000c0c00000, 0x0000000100000000)
  region size 1024K, 56 young (57344K), 0 survivors (0K)
 Metaspace       used 59964K, committed 60800K, reserved 1114112K
  class space    used 7373K, committed 7744K, reserved 1048576K
}
Event: 2450.953 GC heap after
{Heap after GC invocations=303 (full 2):
 garbage-first heap   total 96256K, used 32358K [0x00000000c0c00000, 0x0000000100000000)
  region size 1024K, 6 young (6144K), 6 survivors (6144K)
 Metaspace       used 59964K, committed 60800K, reserved 1114112K
  class space    used 7373K, committed 7744K, reserved 1048576K
}
Event: 2451.299 GC heap before
{Heap before GC invocations=304 (full 2):
 garbage-first heap   total 96256K, used 81510K [0x00000000c0c00000, 0x0000000100000000)
  region size 1024K, 54 young (55296K), 6 survivors (6144K)
 Metaspace       used 60248K, committed 60992K, reserved 1114112K
  class space    used 7406K, committed 7744K, reserved 1048576K
}
Event: 2451.307 GC heap after
{Heap after GC invocations=305 (full 2):
 garbage-first heap   total 96256K, used 36936K [0x00000000c0c00000, 0x0000000100000000)
  region size 1024K, 5 young (5120K), 5 survivors (5120K)
 Metaspace       used 60248K, committed 60992K, reserved 1114112K
  class space    used 7406K, committed 7744K, reserved 1048576K
}
Event: 2451.553 GC heap before
{Heap before GC invocations=305 (full 2):
 garbage-first heap   total 96256K, used 81992K [0x00000000c0c00000, 0x0000000100000000)
  region size 1024K, 49 young (50176K), 5 survivors (5120K)
 Metaspace       used 60248K, committed 60992K, reserved 1114112K
  class space    used 7406K, committed 7744K, reserved 1048576K
}
Event: 2451.560 GC heap after
{Heap after GC invocations=306 (full 2):
 garbage-first heap   total 96256K, used 40804K [0x00000000c0c00000, 0x0000000100000000)
  region size 1024K, 4 young (4096K), 4 survivors (4096K)
 Metaspace       used 60248K, committed 60992K, reserved 1114112K
  class space    used 7406K, committed 7744K, reserved 1048576K
}
Event: 2451.996 GC heap before
{Heap before GC invocations=306 (full 2):
 garbage-first heap   total 96256K, used 83812K [0x00000000c0c00000, 0x0000000100000000)
  region size 1024K, 46 young (47104K), 4 survivors (4096K)
 Metaspace       used 61011K, committed 61760K, reserved 1114112K
  class space    used 7459K, committed 7808K, reserved 1048576K
}
Event: 2452.000 GC heap after
{Heap after GC invocations=307 (full 2):
 garbage-first heap   total 96256K, used 42701K [0x00000000c0c00000, 0x0000000100000000)
  region size 1024K, 4 young (4096K), 4 survivors (4096K)
 Metaspace       used 61011K, committed 61760K, reserved 1114112K
  class space    used 7459K, committed 7808K, reserved 1048576K
}
Event: 2452.147 GC heap before
{Heap before GC invocations=308 (full 2):
 garbage-first heap   total 102400K, used 83661K [0x00000000c0c00000, 0x0000000100000000)
  region size 1024K, 44 young (45056K), 4 survivors (4096K)
 Metaspace       used 61003K, committed 61760K, reserved 1114112K
  class space    used 7458K, committed 7808K, reserved 1048576K
}
Event: 2452.152 GC heap after
{Heap after GC invocations=309 (full 2):
 garbage-first heap   total 102400K, used 44164K [0x00000000c0c00000, 0x0000000100000000)
  region size 1024K, 5 young (5120K), 5 survivors (5120K)
 Metaspace       used 61003K, committed 61760K, reserved 1114112K
  class space    used 7458K, committed 7808K, reserved 1048576K
}
Event: 2465.523 GC heap before
{Heap before GC invocations=309 (full 2):
 garbage-first heap   total 102400K, used 89220K [0x00000000c0c00000, 0x0000000100000000)
  region size 1024K, 49 young (50176K), 5 survivors (5120K)
 Metaspace       used 61019K, committed 61760K, reserved 1114112K
  class space    used 7460K, committed 7808K, reserved 1048576K
}
Event: 2465.527 GC heap after
{Heap after GC invocations=310 (full 2):
 garbage-first heap   total 102400K, used 44435K [0x00000000c0c00000, 0x0000000100000000)
  region size 1024K, 3 young (3072K), 3 survivors (3072K)
 Metaspace       used 61019K, committed 61760K, reserved 1114112K
  class space    used 7460K, committed 7808K, reserved 1048576K
}
Event: 2483.290 GC heap before
{Heap before GC invocations=310 (full 2):
 garbage-first heap   total 102400K, used 91539K [0x00000000c0c00000, 0x0000000100000000)
  region size 1024K, 49 young (50176K), 3 survivors (3072K)
 Metaspace       used 61066K, committed 61888K, reserved 1114112K
  class space    used 7466K, committed 7872K, reserved 1048576K
}
Event: 2483.292 GC heap after
{Heap after GC invocations=311 (full 2):
 garbage-first heap   total 102400K, used 46080K [0x00000000c0c00000, 0x0000000100000000)
  region size 1024K, 4 young (4096K), 4 survivors (4096K)
 Metaspace       used 61066K, committed 61888K, reserved 1114112K
  class space    used 7466K, committed 7872K, reserved 1048576K
}

