# JRE version: OpenJDK Runtime Environment Temurin-21.0.3+9 (21.0.3+9) (build 21.0.3+9-LTS)
# Java VM: OpenJDK 64-Bit Server VM Temurin-21.0.3+9 (21.0.3+9-LTS, mixed mode, emulated-client, tiered, compressed oops, compressed class ptrs, g1 gc, windows-amd64)
GC Precious Log:
 CardTable entry size: 512
 Card Set container configuration: InlinePtr #cards 4 size 8 Array Of Cards #cards 16 size 48 Howl #buckets 8 coarsen threshold 3686 Howl Bitmap #cards 512 size 80 coarsen threshold 460 Card regions per heap region 1 cards per card region 4096
 CPUs: 12 total, 12 available
 Memory: 15711M
 Large Page Support: Disabled
 NUMA Support: Disabled
 Compressed Oops: Enabled (Zero based)
 Heap Region Size: 2M
 Heap Min Capacity: 8M
 Heap Initial Capacity: 246M
 Heap Max Capacity: 3928M
 Pre-touch: Disabled
 Parallel Workers: 10
 Concurrent Workers: 3
 Concurrent Refinement Workers: 10
 Periodic GC: Disabled
Heap:
 garbage-first heap   total 116736K, used 103476K [0x000000070a800000, 0x0000000800000000)
  region size 2048K, 35 young (71680K), 4 survivors (8192K)
 Metaspace       used 61241K, committed 62912K, reserved 1114112K
  class space    used 7350K, committed 7872K, reserved 1048576K
GC Heap History (20 events):
Event: 20569.341 GC heap after
{Heap after GC invocations=2904 (full 41):
 garbage-first heap   total 96256K, used 35633K [0x000000070a800000, 0x0000000800000000)
  region size 2048K, 3 young (6144K), 3 survivors (6144K)
 Metaspace       used 60867K, committed 62912K, reserved 1114112K
  class space    used 7313K, committed 7872K, reserved 1048576K
}
Event: 20569.510 GC heap before
{Heap before GC invocations=2904 (full 41):
 garbage-first heap   total 96256K, used 76593K [0x000000070a800000, 0x0000000800000000)
  region size 2048K, 23 young (47104K), 3 survivors (6144K)
 Metaspace       used 60908K, committed 62912K, reserved 1114112K
  class space    used 7321K, committed 7872K, reserved 1048576K
}
Event: 20569.513 GC heap after
{Heap after GC invocations=2905 (full 41):
 garbage-first heap   total 116736K, used 40668K [0x000000070a800000, 0x0000000800000000)
  region size 2048K, 3 young (6144K), 3 survivors (6144K)
 Metaspace       used 60908K, committed 62912K, reserved 1114112K
  class space    used 7321K, committed 7872K, reserved 1048576K
}
Event: 20571.767 GC heap before
{Heap before GC invocations=2905 (full 41):
 garbage-first heap   total 116736K, used 98012K [0x000000070a800000, 0x0000000800000000)
  region size 2048K, 31 young (63488K), 3 survivors (6144K)
 Metaspace       used 61279K, committed 62912K, reserved 1114112K
  class space    used 7356K, committed 7872K, reserved 1048576K
}
Event: 20571.770 GC heap after
{Heap after GC invocations=2906 (full 41):
 garbage-first heap   total 116736K, used 44442K [0x000000070a800000, 0x0000000800000000)
  region size 2048K, 3 young (6144K), 3 survivors (6144K)
 Metaspace       used 61279K, committed 62912K, reserved 1114112K
  class space    used 7356K, committed 7872K, reserved 1048576K
}
Event: 20574.768 GC heap before
{Heap before GC invocations=2907 (full 41):
 garbage-first heap   total 116736K, used 97690K [0x000000070a800000, 0x0000000800000000)
  region size 2048K, 29 young (59392K), 3 survivors (6144K)
 Metaspace       used 61279K, committed 62912K, reserved 1114112K
  class space    used 7356K, committed 7872K, reserved 1048576K
}
Event: 20574.769 GC heap after
{Heap after GC invocations=2908 (full 41):
 garbage-first heap   total 116736K, used 41676K [0x000000070a800000, 0x0000000800000000)
  region size 2048K, 1 young (2048K), 1 survivors (2048K)
 Metaspace       used 61279K, committed 62912K, reserved 1114112K
  class space    used 7356K, committed 7872K, reserved 1048576K
}
Event: 20578.008 GC heap before
{Heap before GC invocations=2908 (full 41):
 garbage-first heap   total 116736K, used 101068K [0x000000070a800000, 0x0000000800000000)
  region size 2048K, 30 young (61440K), 1 survivors (2048K)
 Metaspace       used 61279K, committed 62912K, reserved 1114112K
  class space    used 7356K, committed 7872K, reserved 1048576K
}
Event: 20578.009 GC heap after
{Heap after GC invocations=2909 (full 41):
 garbage-first heap   total 116736K, used 42906K [0x000000070a800000, 0x0000000800000000)
  region size 2048K, 2 young (4096K), 2 survivors (4096K)
 Metaspace       used 61279K, committed 62912K, reserved 1114112K
  class space    used 7356K, committed 7872K, reserved 1048576K
}
Event: 20580.984 GC heap before
{Heap before GC invocations=2909 (full 41):
 garbage-first heap   total 116736K, used 100250K [0x000000070a800000, 0x0000000800000000)
  region size 2048K, 30 young (61440K), 2 survivors (4096K)
 Metaspace       used 61279K, committed 62912K, reserved 1114112K
  class space    used 7356K, committed 7872K, reserved 1048576K
}
Event: 20580.986 GC heap after
{Heap after GC invocations=2910 (full 41):
 garbage-first heap   total 116736K, used 43193K [0x000000070a800000, 0x0000000800000000)
  region size 2048K, 2 young (4096K), 2 survivors (4096K)
 Metaspace       used 61279K, committed 62912K, reserved 1114112K
  class space    used 7356K, committed 7872K, reserved 1048576K
}
Event: 20584.301 GC heap before
{Heap before GC invocations=2911 (full 41):
 garbage-first heap   total 116736K, used 100537K [0x000000070a800000, 0x0000000800000000)
  region size 2048K, 30 young (61440K), 2 survivors (4096K)
 Metaspace       used 61238K, committed 62912K, reserved 1114112K
  class space    used 7350K, committed 7872K, reserved 1048576K
}
Event: 20584.302 GC heap after
{Heap after GC invocations=2912 (full 41):
 garbage-first heap   total 116736K, used 43174K [0x000000070a800000, 0x0000000800000000)
  region size 2048K, 2 young (4096K), 2 survivors (4096K)
 Metaspace       used 61238K, committed 62912K, reserved 1114112K
  class space    used 7350K, committed 7872K, reserved 1048576K
}
Event: 20587.326 GC heap before
{Heap before GC invocations=2912 (full 41):
 garbage-first heap   total 116736K, used 100518K [0x000000070a800000, 0x0000000800000000)
  region size 2048K, 30 young (61440K), 2 survivors (4096K)
 Metaspace       used 61238K, committed 62912K, reserved 1114112K
  class space    used 7350K, committed 7872K, reserved 1048576K
}
Event: 20587.327 GC heap after
{Heap after GC invocations=2913 (full 41):
 garbage-first heap   total 116736K, used 39082K [0x000000070a800000, 0x0000000800000000)
  region size 2048K, 1 young (2048K), 1 survivors (2048K)
 Metaspace       used 61238K, committed 62912K, reserved 1114112K
  class space    used 7350K, committed 7872K, reserved 1048576K
}
Event: 20590.740 GC heap before
{Heap before GC invocations=2913 (full 41):
 garbage-first heap   total 116736K, used 102570K [0x000000070a800000, 0x0000000800000000)
  region size 2048K, 32 young (65536K), 1 survivors (2048K)
 Metaspace       used 61238K, committed 62912K, reserved 1114112K
  class space    used 7350K, committed 7872K, reserved 1048576K
}
Event: 20590.741 GC heap after
{Heap after GC invocations=2914 (full 41):
 garbage-first heap   total 116736K, used 38941K [0x000000070a800000, 0x0000000800000000)
  region size 2048K, 1 young (2048K), 1 survivors (2048K)
 Metaspace       used 61238K, committed 62912K, reserved 1114112K
  class space    used 7350K, committed 7872K, reserved 1048576K
}
Event: 20594.201 GC heap before
{Heap before GC invocations=2915 (full 41):
 garbage-first heap   total 116736K, used 102429K [0x000000070a800000, 0x0000000800000000)
  region size 2048K, 32 young (65536K), 1 survivors (2048K)
 Metaspace       used 61238K, committed 62912K, reserved 1114112K
  class space    used 7350K, committed 7872K, reserved 1048576K
}
Event: 20594.202 GC heap after
{Heap after GC invocations=2916 (full 41):
 garbage-first heap   total 116736K, used 39988K [0x000000070a800000, 0x0000000800000000)
  region size 2048K, 1 young (2048K), 1 survivors (2048K)
 Metaspace       used 61238K, committed 62912K, reserved 1114112K
  class space    used 7350K, committed 7872K, reserved 1048576K
}
Event: 20597.091 GC heap before
{Heap before GC invocations=2916 (full 41):
 garbage-first heap   total 116736K, used 103476K [0x000000070a800000, 0x0000000800000000)
  region size 2048K, 32 young (65536K), 1 survivors (2048K)
 Metaspace       used 61241K, committed 62912K, reserved 1114112K
  class space    used 7350K, committed 7872K, reserved 1048576K
}

